2026-05-02 17:59:03,704 - WARNING - Skipping eerthertherhrnn - Incorrect Format
2026-05-02 17:59:03,828 - WARNING - Skipping Akn difgn b - Incorrect Format
2026-05-02 17:59:09,096 - INFO - Successfully exported U72100KA2026PTC217316
2026-05-02 17:59:52,222 - INFO - Successfully exported U42900KA2026PTC217217
2026-05-02 18:06:48,948 - INFO - Portable App Startup - Logging Initialized
2026-05-02 18:07:30,156 - WARNING - Skipping eerthertherhrnn - Incorrect Format
2026-05-02 18:07:30,307 - WARNING - Skipping Akn difgn b - Incorrect Format
2026-05-02 18:07:35,687 - INFO - Successfully exported U46308KA2026PTC217205
2026-05-02 18:08:32,772 - INFO - Successfully exported U46901KA2026PTC217276
2026-05-02 18:13:50,311 - INFO - Portable App Startup - Logging Initialized
2026-05-02 18:24:23,988 - WARNING - Skipping eerthertherhrnn - Incorrect Format
2026-05-02 18:24:24,109 - WARNING - Skipping Akn difgn b - Incorrect Format
2026-05-02 18:24:29,589 - INFO - Successfully exported U62011KA2026PTC217259
2026-05-02 18:27:48,361 - INFO - Portable App Startup - Logging Initialized
2026-05-02 18:37:42,537 - INFO - Portable App Startup - Logging Initialized
2026-05-02 18:50:08,982 - INFO - Portable App Startup - Logging Initialized
2026-05-03 05:26:29,217 - INFO - Portable App Startup - Logging Initialized
2026-05-03 05:33:09,536 - INFO - User selected input file: C:/Users/chare/Downloads/Book1.xlsx
2026-05-03 05:33:38,386 - WARNING - Skipping eerthertherhrnn - Incorrect Format
2026-05-03 05:33:38,599 - WARNING - Skipping Akn difgn b - Incorrect Format
2026-05-03 05:33:46,503 - INFO - Successfully exported U71200KA2026PTC217303
2026-05-03 05:34:33,057 - WARNING - Skipping eerthertherhrnn - Incorrect Format
2026-05-03 05:34:33,217 - WARNING - Skipping Akn difgn b - Incorrect Format
2026-05-03 05:34:41,192 - INFO - Successfully exported U25939KA2026PTC217238
2026-05-03 05:38:16,664 - INFO - User selected input file: C:/Users/chare/Downloads/3.docx
2026-05-03 05:38:31,112 - INFO - User selected input file: C:/Users/chare/Desktop/in/input1.xlsx
2026-05-03 05:38:40,876 - WARNING - Skipping U46497KA2026drrgndfgnrnPTC217027 - Incorrect Format
2026-05-03 05:38:40,960 - WARNING - Skipping U62011KA202 6PTC217030 - Incorrect Format
2026-05-03 05:38:47,934 - INFO - Successfully exported U86900KA2026PTC217125
2026-05-03 05:39:38,438 - WARNING - Skipping U46497KA2026drrgndfgnrnPTC217027 - Incorrect Format
2026-05-03 05:39:38,519 - WARNING - Skipping U62011KA202 6PTC217030 - Incorrect Format
2026-05-03 05:39:45,428 - INFO - Successfully exported U01135KA2026PTC217155
2026-05-03 05:40:43,031 - INFO - Successfully exported U46301KA2026OPC217169
2026-05-03 05:41:21,715 - INFO - Successfully exported U68200KA2026PTC217157
2026-05-03 05:47:47,506 - INFO - Portable App Startup - Logging Initialized
